<?xml version="1.0" encoding="UTF-8"?>
<!-- Generated by org.testng.reporters.JUnitXMLReporter -->
<testsuite ignored="0" hostname="DESKTOP-92O7TTM" failures="0" tests="2" name="Derived product1 Tests" time="24.118" errors="0" timestamp="2024-11-25T05:51:25 IST">
  <testcase classname="com.derived.product1.tests.TicketsTest" name="homePageTitleTest" time="0.033"/>
  <testcase classname="com.derived.product1.tests.TicketsTest" name="slideTitleValidation" time="3.58"/>
</testsuite> <!-- Derived product1 Tests -->
