<?xml version="1.0" encoding="UTF-8"?>
<testng-results ignored="0" total="2" passed="2" failed="0" skipped="0">
  <reporter-output>
  </reporter-output>
  <suite started-at="2024-11-25T05:51:01 IST" name="Derived product1 Test Suite" finished-at="2024-11-25T05:51:25 IST" duration-ms="24118">
    <groups>
    </groups>
    <test started-at="2024-11-25T05:51:01 IST" name="Derived product1 Tests" finished-at="2024-11-25T05:51:25 IST" duration-ms="24118">
      <class name="com.derived.product1.tests.TicketsTest">
        <test-method is-config="true" signature="setUp(java.lang.String,java.lang.String)[pri:0, instance:com.derived.product1.tests.TicketsTest@70e8f8e]" started-at="2024-11-25T05:51:01 IST" name="setUp" finished-at="2024-11-25T05:51:21 IST" duration-ms="20419" status="PASS">
          <params>
            <param index="0">
              <value>
                <![CDATA[chrome]]>
              </value>
            </param>
            <param index="1">
              <value>
                <![CDATA[https://www.nba.com/sixers/]]>
              </value>
            </param>
          </params>
          <reporter-output>
          </reporter-output>
        </test-method> <!-- setUp -->
        <test-method is-config="true" signature="setUp()[pri:0, instance:com.derived.product1.tests.TicketsTest@70e8f8e]" started-at="2024-11-25T05:51:21 IST" name="setUp" finished-at="2024-11-25T05:51:21 IST" duration-ms="34" status="PASS">
          <reporter-output>
          </reporter-output>
        </test-method> <!-- setUp -->
        <test-method signature="homePageTitleTest()[pri:1, instance:com.derived.product1.tests.TicketsTest@70e8f8e]" started-at="2024-11-25T05:51:21 IST" name="homePageTitleTest" finished-at="2024-11-25T05:51:21 IST" duration-ms="33" status="PASS">
          <reporter-output>
          </reporter-output>
        </test-method> <!-- homePageTitleTest -->
        <test-method signature="slideTitleValidation()[pri:2, instance:com.derived.product1.tests.TicketsTest@70e8f8e]" started-at="2024-11-25T05:51:21 IST" name="slideTitleValidation" finished-at="2024-11-25T05:51:25 IST" duration-ms="3580" status="PASS">
          <reporter-output>
          </reporter-output>
        </test-method> <!-- slideTitleValidation -->
        <test-method is-config="true" signature="tearDown()[pri:0, instance:com.derived.product1.tests.TicketsTest@70e8f8e]" started-at="2024-11-25T05:51:25 IST" name="tearDown" finished-at="2024-11-25T05:51:25 IST" duration-ms="0" status="PASS">
          <reporter-output>
          </reporter-output>
        </test-method> <!-- tearDown -->
      </class> <!-- com.derived.product1.tests.TicketsTest -->
    </test> <!-- Derived product1 Tests -->
  </suite> <!-- Derived product1 Test Suite -->
</testng-results>
