<?xml version="1.0" encoding="UTF-8"?>
<testsuite xmlns:xsi="http://www.w3.org/2001/XMLSchema-instance" xsi:noNamespaceSchemaLocation="https://maven.apache.org/surefire/maven-surefire-plugin/xsd/surefire-test-report-3.0.xsd" version="3.0" name="TestSuite" time="241.643" tests="5" errors="0" skipped="0" failures="0">
  <properties>
[...]
</properties>
  <testcase name="homePageTitleTest" classname="com.core.product.tests.HomePageTest" time="0.046">
    <system-out><![CDATA[[TestNGContentHandler] [WARN] It is strongly recommended to add "<!DOCTYPE suite SYSTEM "https://testng.org/testng-1.0.dtd" >" at the top of the suite file [C:\Users\LENOVO\Desktop\EclipseWs\seleniumProgram\core-product-tests\testng.xml] otherwise TestNG may fail or not work as expected.
]]></system-out>
    <system-err><![CDATA[Nov 25, 2024 5:47:01 AM org.openqa.selenium.devtools.CdpVersionFinder findNearestMatch
WARNING: Unable to find an exact match for CDP version 131, returning the closest version; found: 129; Please update to a Selenium version that supports CDP version 131
]]></system-err>
  </testcase>
  <testcase name="menWearPageTitleTest" classname="com.core.product.tests.MenWearTest" time="4.162">
    <system-err><![CDATA[Nov 25, 2024 5:47:09 AM org.openqa.selenium.devtools.CdpVersionFinder findNearestMatch
WARNING: Unable to find an exact match for CDP version 131, returning the closest version; found: 129; Please update to a Selenium version that supports CDP version 131
]]></system-err>
  </testcase>
  <testcase name="getAllJacketsTest" classname="com.core.product.tests.MenWearTest" time="178.738">
    <system-out><![CDATA[Men's Mitchell & Ness Navy Golden State Warriors Hardwood Classics Throwback Wordmark Raglan Full-Snap Jacket-----$83.99<br>
Men's Starter x Levi's Black Golden State Warriors Silver Label Trucker Satin Full-Snap Jacket-----$119.99<br>
Men's JH Design Cream Golden State Warriors Reversible Wool Full-Snap Jacket-----$131.60<br>
Unisex Stadium Essentials Navy Golden State Warriors Compete Quarter-Zip Hoodie Jacket-----$188.00<br>
Men's JH Design Navy Golden State Warriors 2024/25 City Edition Full-Zip Nylon Bomber Jacket-----$104.99<br>
Men's Antigua Black/Gold Golden State Warriors Content Quarter-Zip Top-----$62.99<br>
Men's JH Design Royal Golden State Warriors 7-Time NBA Finals Champions Reversible Wool Full-Zip Jacket-----$89.99<br>
Men's Nike Black Golden State Warriors 2024/25 Courtside Performance Half-Zip Top-----$65.79<br>
Unisex The Wild Collective Cream Golden State Warriors Applique Pullover Windbreaker-----$164.49<br>
Men's Starter Black Golden State Warriors Scout Varsity Satin Full-Snap Jacket-----$56.24<br>
Men's Jordan Brand Gray Golden State Warriors Courtside Statement Edition Jumpman Jam Full-Zip Jacket-----$69.99<br>
Men's Nike Black Golden State Warriors 2023/24 City Edition Courtside Premier Full-Snap Bomber Jacket-----$101.49<br>
Men's Nike Royal Golden State Warriors 2023/24 Authentic Showtime Full-Zip Hoodie-----$144.99<br>
Men's Nike Royal Golden State Warriors Authentic On-Court Showtime Performance Full-Zip Hoodie-----$97.49<br>
Men's Mitchell & Ness Royal Golden State Warriors Hardwood Classics Throwback Wordmark Raglan Full-Snap Jacket-----$129.49<br>
Men's Starter x Levi's Royal Golden State Warriors Silver Label Trucker Satin Full-Snap Jacket-----$116.24<br>
Unisex The Wild Collective Black Golden State Warriors Flannel Full-Zip Shacket-----$108.49<br>
Men's New Era Navy Golden State Warriors 2024/25 City Edition Full-Zip Windbreaker Jacket-----$83.99<br>
Men's Starter Royal/Gold Golden State Warriors Charger Half-Zip Pullover Jacket-----$131.60<br>
Men's Pro Standard Cream Golden State Warriors Retro Classic Satin Full-Snap Jacket-----$83.99<br>
Unisex The Wild Collective Blue Golden State Warriors Coaches Full-Zip Denim Jacket-----$111.99<br>
Men's Antigua Black Golden State Warriors Metallic Logo Tribute Quarter-Zip Top-----$97.99<br>
Unisex The Wild Collective Black Golden State Warriors Stitch Applique Full-Zip Bomber Jacket-----$55.99<br>
Men's Antigua Black Golden State Warriors Big & Tall Victory Full-Zip Hoodie Jacket-----$83.99<br>
Men's Nike Royal Golden State Warriors 2024/25 Courtside Performance Half-Zip Top-----$119.99<br>
Men's Mitchell & Ness Royal Golden State Warriors Hardwood Classic Primetime Full-Snap Satin Jacket-----$70.69<br>
Unisex Mitchell & Ness Royal Golden State Warriors Hardwood Classics Team OG 3.0 Anorak Half-Zip Windbreaker Jacket-----$56.24<br>
Men's G-III Sports by Carl Banks Royal Golden State Warriors Moneyball Wool & Leather Full-Snap Varsity Jacket-----$104.99<br>
Men's Starter Royal Golden State Warriors Scout Varsity Satin Full-Snap Jacket-----$94.49<br>
Men's Antigua Black Golden State Warriors Metallic Logo Victory Raglan Full-Zip Hoodie-----$244.99<br>
Men's G-III Sports by Carl Banks Tan Golden State Warriors Build Up Heavy Duck Canvas Full-Zip Hoodie-----$101.49<br>
Men's G-III Sports by Carl Banks Royal Golden State Warriors Contender Full-Zip Hoodie Jacket-----$59.49<br>
Men's G-III Sports by Carl Banks Black Golden State Warriors Clutch Hitter Full-Snap Varsity Jacket-----$118.99<br>
Unisex The Wild Collective Gray Golden State Warriors 2023/24 City Edition Camo Bomber Full-Zip Jacket-----$62.99<br>
Men's Pro Standard Brown Golden State Warriors Paint The City Full-Zip Jacket-----$125.99<br>
Men's Starter Royal Golden State Warriors Captain Oxford Full-Zip Jacket-----$97.99<br>
Men's Antigua Black Golden State Warriors Metallic Logo Victory Raglan Pullover Hoodie-----$111.99<br>
Men's Antigua Heather Gray Golden State Warriors Brisk Full-Zip Vest-----$59.49<br>
Men's JH Design Gold/Royal Golden State Warriors Split All Over Full-Zip Jacket-----$58.79<br>
Men's Nike Black/Yellow Golden State Warriors 2022/23 City Edition Showtime Thermaflex Full-Zip Jacket-----$139.99<br>
Men's Pro Standard Black Golden State Warriors Mash Up Satin Full-Snap Jacket-----$109.99<br>
Men's Nike Black Golden State Warriors Authentic Performance Half-Zip Jacket-----$56.24<br>
Men's Mitchell & Ness White Golden State Warriors Hardwood Classics Throwback Wordmark Raglan Full-Snap Jacket-----$83.99<br>
Men's Mitchell & Ness Royal Golden State Warriors Hardwood Classics Varsity Full-Snap Jacket-----$192.49<br>
Men's Antigua Heather Royal Golden State Warriors Tidy Quarter-Zip Hoodie-----$60.89<br>
Men's Pro Standard Black Golden State Warriors Script Tail Full-Snap Satin Varsity Jacket-----$66.49<br>
Men's Nike Royal Golden State Warriors Courtside Vintage Warmup Full-Zip Jacket-----$97.49<br>
Men's JH Design Gray/Royal Golden State Warriors Embroidered Logo Reversible Fleece Full-Snap Jacket-----$129.99<br>
Men's Levelwear Black Golden State Warriors Harrington Full-Zip Jacket-----$83.99<br>
Men's Antigua Royal/Gray Golden State Warriors Tending 2 Button-Down Long Sleeve Shirt-----$97.99<br>
Men's Tommy Jeans Royal Golden State Warriors Jacob Chain Stitch Applique Full-Snap Varsity Jacket-----$56.69<br>
Men's G-III Sports by Carl Banks Royal Golden State Warriors Contender Wordmark Full-Zip Track Jacket-----$83.99<br>
Men's Antigua Black Golden State Warriors Sway Full-Zip Hoodie Jacket-----$55.99<br>
Men's JH Design Royal/White Golden State Warriors Reversible Fleece & Faux Leather Full-Snap Jacket-----$88.89<br>
Men's JH Design Black Golden State Warriors 2023/24 City Edition Full-Zip Bomber Jacket-----$83.99<br>
Men's Antigua Heather Royal Golden State Warriors Cloud Pullover Hoodie-----$104.99<br>
Men's Columbia Blue Golden State Warriors Oroville Creek Lined Full-Zip Jacket-----$72.09<br>
Men's Antigua Heather Gray Golden State Warriors Hold-Up Full-Zip Tri-Blend Jacket-----$80.49<br>
Men's Mitchell & Ness Royal Golden State Warriors Hardwood Classics Retro Quilted Raglan Full-Zip Hoodie-----$85.39<br>
Men's Pro Standard Royal Golden State Warriors Retro Classic Full-Zip Varsity Jacket-----$139.99<br>
Men's Mitchell & Ness Royal Golden State Warriors Team OG 2.0 Vintage Logo Anorak Windbreaker Quarter-Zip Jacket-----$97.99<br>
Men's Antigua Black Golden State Warriors Intent Quarter-Zip Top-----$65.79<br>
Men's Nike Black Golden State Warriors 2023/24 City Edition Authentic Showtime Performance Raglan Full-Zip Jacket-----$115.49<br>
Men's Antigua Heather Royal Golden State Warriors Effortless Full-Zip Hoodie Jacket-----$75.59<br>
Men's Antigua Black Golden State Warriors Swelter Full-Zip Puffer Jacket-----$92.39<br>
Men's Antigua Heather Charcoal Golden State Warriors Fortune Full-Zip Vest-----$75.59<br>
Men's Antigua Heather Royal Golden State Warriors Spikes Raglan Quarter-Zip Hoodie-----$80.49<br>
Men's Antigua Heather Gray Golden State Warriors Subtle Quarter-Zip Sweatshirt-----$72.09<br>
Men's Antigua Heather Gray Golden State Warriors Spikes Raglan Quarter-Zip Hoodie-----$80.49<br>
Men's Antigua Royal Golden State Warriors Demand Full-Zip Vest-----$72.09<br>
Men's JH Design Royal Golden State Warriors Reversible Wool Full-Zip Jacket-----$139.99<br>
Men's Antigua Black Golden State Warriors Metallic Logo Generation Quarter-Zip Top-----$66.49<br>
Men's Antigua Heather Charcoal Golden State Warriors Effortless Full-Zip Hoodie Jacket-----$75.59<br>
Men's Antigua Black Golden State Warriors Daily Fused Full-Zip Jacket-----$88.89<br>
Men's Pro Standard Royal Golden State Warriors Sublimated Satin Full-Snap Jacket-----$69.29<br>
Men's Antigua Gray Golden State Warriors Exposure Woven Long Sleeve Button-Up Shirt-----$72.09<br>
Men's Antigua Black Golden State Warriors Regard Full-Zip Vest-----$90.99<br>
Men's Starter Black Golden State Warriors Printed Team Name Satin Varsity Full-Snap Jacket-----$81.19<br>
Men's Antigua Heather Royal Golden State Warriors Cloud Pullover Hoodie-----$75.59<br>
Men's Antigua Heather Gray Golden State Warriors Fortune Full-Zip Vest-----$75.59<br>
Men's Antigua Gray Golden State Warriors Perilous Quarter-Zip Sweatshirt-----$104.99<br>
Men's Mitchell & Ness White Golden State Warriors Hardwood Classics Nights Team Leader Satin Full-Zip Jacket-----$83.99<br>
Men's Pro Standard Royal Golden State Warriors Area Code Full-Zip Jacket-----$65.79<br>
Men's Mitchell & Ness Navy Golden State Warriors Big & Tall Hardwood Classics Raglan Satin Full-Snap Jacket-----$85.39<br>
Men's Antigua Royal Golden State Warriors Intent Quarter-Zip Top-----$94.49<br>
Men's Antigua Black Golden State Warriors Objection Double-Peached Full-Zip Jacket-----$59.49<br>
Men's Mitchell & Ness Royal Golden State Warriors Hardwood Classics Big Shot Premium Full-Zip Windbreaker Jacket-----$104.99<br>
Men's Antigua Charcoal Golden State Warriors Metallic Logo Victory Raglan Pullover Hoodie-----$97.99<br>
Men's Mitchell & Ness Royal Golden State Warriors Hardwood Classics Vintage Logo Full-Zip Bomber Jacket-----$75.59<br>
Men's Starter Royal/Gold Golden State Warriors Renegade Satin Full-Snap Varsity Jacket-----$63.69<br>
Men's Antigua Black Golden State Warriors Perilous Quarter-Zip Sweatshirt-----$85.39<br>
Men's Antigua Black Golden State Warriors Brisk Full-Zip Vest-----$55.99<br>
Men's Antigua Heather Black Golden State Warriors Hold-Up Full-Zip Tri-Blend Jacket-----$90.99<br>
Men's Antigua Black Golden State Warriors Tribute Quarter-Zip Pullover Top-----$104.99<br>
Men's Starter Gold Golden State Warriors Slider Satin Full-Snap Varsity Jacket-----$58.09<br>
Men's Mitchell & Ness Gold Golden State Warriors Team OG 2.0 Vintage Logo Satin Full-Zip Jacket-----$126.00<br>
Men's Antigua Pewter Golden State Warriors Twist Quarter-Zip Pullover Top-----$80.49<br>
Men's JH Design Royal Golden State Warriors Reversible Embroidered Wool Full-Snap Jacket-----$92.39<br>
Men's Pro Standard Black Golden State Warriors Triple Black Full-Zip Varsity Jacket-----$85.39<br>
Men's Antigua Black Golden State Warriors Altitude Full-Zip Jacket-----$60.89<br>
Men's Antigua Gray Golden State Warriors Swelter Full-Zip Puffer Jacket-----$66.49<br>
Men's Antigua Royal Golden State Warriors Objection Double-Peached Full-Zip Jacket-----$70.69<br>
Men's Antigua Royal Golden State Warriors Twine Quarter-Zip Top-----$75.59<br>
Men's Antigua Black Golden State Warriors Cause Quarter-Zip Top-----$80.49<br>
Men's Antigua Heather Black Golden State Warriors Spikes Raglan Quarter-Zip Hoodie-----$69.29<br>
Men's Antigua Royal Golden State Warriors Exposure Woven Long Sleeve Button-Up Shirt-----$60.19<br>
Men's Antigua Heather Royal Golden State Warriors Bright Quarter-Zip Top-----$65.79<br>
Men's Antigua Black Golden State Warriors Twine Quarter-Zip Top-----$60.89<br>
Men's Antigua Royal Golden State Warriors Perilous Quarter-Zip Sweatshirt-----$75.59<br>
Men's Antigua White Golden State Warriors Reprocess Quarter-Zip Top-----$60.19<br>
Men's Antigua Heather Black Golden State Warriors Cloud Pullover Hoodie-----$72.09<br>
Men's Antigua Black Golden State Warriors Regard Full-Zip Jacket-----$79.09<br>
Men's Antigua Black Golden State Warriors Twist Quarter-Zip Pullover Top-----$58.09<br>
Men's Antigua Black Golden State Warriors Brisk Quarter-Zip Windbreaker-----$72.09<br>
Men's Jeff Hamilton Black Golden State Warriors Wool & Leather Full-Snap Varsity Jacket-----$594.99<br>
Men's Nike Royal Golden State Warriors Authentic Performance Half-Zip Jacket-----$56.24<br>
Men's Antigua Heather Black Golden State Warriors Cloud Pullover Hoodie-----$81.19<br>
Men's Antigua Heather Olive Golden State Warriors Cloud Pullover Hoodie-----$81.19<br>
Men's Antigua Gray Golden State Warriors Cause Quarter-Zip Top-----$75.59<br>
Men's Antigua Gray Golden State Warriors Intent Quarter-Zip Top-----$65.79<br>
Men's Antigua White Golden State Warriors Intent Quarter-Zip Top-----$65.79<br>
Men's Antigua Gray Golden State Warriors Daily Fused Full-Zip Jacket-----$88.89<br>
Men's Antigua Black/Gray Golden State Warriors Tending 2 Button-Down Long Sleeve Shirt-----$56.69<br>
Men's Antigua Black Golden State Warriors Demand Full-Zip Vest-----$72.09<br>
Men's Antigua Olive Golden State Warriors Subtle Quarter-Zip Sweatshirt-----$72.09<br>
Men's Antigua Heather Gray Golden State Warriors Big & Tall Victory Full-Zip Hoodie Jacket-----$70.69<br>
Men's Antigua Royal Golden State Warriors Flight Woven Tri-Blend Long Sleeve Button-Down Shirt-----$61.59<br>
Men's Antigua Gray Golden State Warriors Tonal Intrepid Pullover Hoodie-----$73.49<br>
Men's Antigua Heather Gray Golden State Warriors Effortless Full-Zip Hoodie Jacket-----$75.59<br>
Men's Antigua Heather Gray Golden State Warriors Victory Quarter-Zip Pullover Top-----$62.99<br>
Men's Antigua Charcoal Golden State Warriors Metallic Logo Victory Raglan Full-Zip Hoodie-----$59.49<br>
Men's Antigua Black Golden State Warriors Big & Tall Victory Raglan Pullover Hoodie-----$75.59<br>
Men's Antigua Heather Gray Golden State Warriors Tidy Quarter-Zip Hoodie-----$66.49<br>
Men's Mitchell & Ness Royal Golden State Warriors Undeniable Full-Zip Windbreaker Jacket-----$94.49<br>
Men's Antigua Heather Black Golden State Warriors Subtle Quarter-Zip Sweatshirt-----$72.09<br>
Men's Antigua Oatmeal Golden State Warriors Fortune Full-Zip Vest-----$75.59<br>
Men's Antigua Heather Black Golden State Warriors Bright Quarter-Zip Top-----$65.79<br>
Men's Antigua Black Golden State Warriors Insider Quarter-Zip Top-----$79.09<br>
Men's Antigua Heather Olive Golden State Warriors Cloud Pullover Hoodie-----$72.09<br>
Men's Antigua Gray Golden State Warriors Regard Full-Zip Vest-----$72.09<br>
Men's Antigua Gray Golden State Warriors Reprocess Quarter-Zip Top-----$60.19<br>
Men's Antigua Royal Golden State Warriors Generation Quarter-Zip Pullover Jacket-----$66.49<br>
Men's Antigua Heather Gray Golden State Warriors Certain Quarter-Zip Tri-Blend Sweatshirt-----$80.49<br>
Men's Pro Standard Royal Golden State Warriors Script Tail Satin Full-Snap Jacket-----No Price<br>
Men's G-III Sports by Carl Banks Royal Golden State Warriors Game Ball Full-Zip Track Jacket-----$55.99<br>
Men's Columbia Royal Golden State Warriors Omni-Wick In The Element Full-Zip Vest-----$80.49<br>
Men's Antigua Royal Golden State Warriors Metallic Logo Tribute Quarter-Zip Top-----$55.99<br>
Men's Antigua Charcoal Golden State Warriors Victory Crewneck Pullover Sweatshirt-----$63.69<br>
Men's Columbia Heathered Gray/Royal Golden State Warriors Omni-Wick Shotgun 2.0 Quarter-Zip Pullover Top-----$73.49<br>
Men's Antigua Olive Golden State Warriors Effortless Full-Zip Hoodie Jacket-----$75.59<br>
Men's Antigua Black Golden State Warriors Reprocess Quarter-Zip Top-----$60.19<br>
Men's Antigua Olive Golden State Warriors Reprocess Quarter-Zip Top-----$60.19<br>
Men's Antigua White Golden State Warriors Big & Tall Victory Full-Zip Hoodie Jacket-----$70.69<br>
Men's Jeff Hamilton Black Golden State Warriors Vegan Leather Full-Snap Jacket-----$279.99<br>
Men's Antigua Pewter Golden State Warriors Metallic Logo Generation Quarter-Zip Top-----$66.49<br>
Men's Antigua Royal Golden State Warriors Insider Quarter-Zip Top-----$79.09<br>
Men's Starter Gold/Royal Golden State Warriors Rush Applique Full-Zip Track Jacket-----$69.99<br>
Men's Antigua Gray Golden State Warriors Flight Woven Tri-Blend Long Sleeve Button-Down Shirt-----$61.59<br>
Men's Antigua Royal Golden State Warriors Swelter Full-Zip Puffer Jacket-----$92.39<br>
Men's Antigua Black Golden State Warriors Brisk Quarter-Zip Windbreaker-----$67.89<br>
Men's Antigua Gray Golden State Warriors Links 2 Full-Zip Golf Jacket-----$80.49<br>
Men's Antigua Heather Black Golden State Warriors Certain Quarter-Zip Tri-Blend Sweatshirt-----$80.49<br>
Men's Antigua Heather Black Golden State Warriors Fortune Full-Zip Vest-----$75.59<br>
Men's Mitchell & Ness Royal Golden State Warriors Hardwood Classics Team OG 3.0 Lightweight Satin Full-Snap Jacket-----$97.99<br>
Men's Columbia Gray Golden State Warriors Omni-Wick In The Element Full-Zip Vest-----$80.49<br>
Men's Antigua Charcoal Golden State Warriors Big & Tall Victory Raglan Pullover Hoodie-----$67.19<br>
Men's Antigua Black Golden State Warriors Links Full-Zip Golf Jacket-----$73.49<br>
Men's Antigua Black Golden State Warriors Generation Quarter-Zip Pullover Jacket-----$66.49<br>
Men's Antigua Heather Gray Golden State Warriors Cloud Pullover Hoodie-----$72.09<br>
Men's Starter Gray Golden State Warriors Printed Team Name Satin Varsity Full-Snap Jacket-----$90.99<br>
Men's Antigua Royal Golden State Warriors Big & Tall Victory Crew Neck Pullover Sweatshirt-----$72.79<br>
Men's Antigua Natural Golden State Warriors Fortune Quarter-Zip Pullover Jacket-----$80.49<br>
Women's Antigua Royal Golden State Warriors Era Polo-----$51.79<br>
Women's Antigua Gray Golden State Warriors Tunnel Polo-----$53.89<br>
Men's Columbia Gray Golden State Warriors In The Element Full-Zip Jacket-----$90.99<br>
Men's Antigua Royal Golden State Warriors Twist Quarter-Zip Pullover Top-----$58.09<br>
Men's Antigua White Golden State Warriors Twist Quarter-Zip Pullover Top-----$58.09<br>
Men's Antigua Heather Royal Golden State Warriors Subtle Quarter-Zip Sweatshirt-----$72.09<br>
Men's Antigua Khaki Golden State Warriors Victory Crewneck Pullover Sweatshirt-----$63.69<br>
Men's Antigua Black Golden State Warriors Big & Tall Victory Full-Zip Hoodie Jacket-----$79.79<br>
Men's Starter Black Golden State Warriors Home Game Satin Full-Snap Varsity Jacket-----$104.99<br>
Men's Antigua Heather Gray Golden State Warriors Brisk Quarter-Zip Windbreaker-----$67.89<br>
Men's Antigua Heather Gray Golden State Warriors Metallic Logo Victory Raglan Full-Zip Hoodie-----$59.49<br>
Men's Antigua Royal Golden State Warriors Reprocess Quarter-Zip Top-----$60.19<br>
Women's Antigua White Golden State Warriors Rings Polo-----$57.39<br>
Men's Antigua Heather Gray Golden State Warriors Metallic Logo Victory Raglan Pullover Hoodie-----$59.49<br>
Men's Antigua Black Golden State Warriors Flight Woven Tri-Blend Long Sleeve Button-Down Shirt-----$61.59<br>
Men's Antigua Royal Golden State Warriors Metallic Logo Victory Raglan Full-Zip Hoodie-----$59.49<br>
Women's Antigua Black Golden State Warriors Era Polo-----$51.79<br>
Men's Antigua Khaki Golden State Warriors Victory Crewneck Pullover Sweatshirt-----$72.79<br>
Men's Antigua Charcoal Golden State Warriors Victory Crewneck Pullover Sweatshirt-----$72.79<br>
Men's Antigua Heather Royal Golden State Warriors Determined Quarter-Zip Top-----$75.59<br>
Men's Antigua Gray Golden State Warriors Insider Quarter-Zip Top-----$79.09<br>
Men's Antigua Gray Golden State Warriors Regard Full-Zip Jacket-----$79.09<br>
Men's Antigua Black Golden State Warriors Links 2 Full-Zip Golf Jacket-----$80.49<br>
Men's Antigua Royal Golden State Warriors Links 2 Full-Zip Golf Jacket-----$80.49<br>
Men's Antigua Heather Gray Golden State Warriors Brisk Quarter-Zip Windbreaker-----$72.09<br>
Men's Antigua Heather Gray Golden State Warriors Bright Quarter-Zip Top-----$65.79<br>
Men's Antigua Black/Gray Golden State Warriors Content Quarter-Zip Top-----$65.79<br>
Men's Antigua Royal Golden State Warriors Victory Quarter-Zip Mock Sweatshirt-----$66.49<br>
Men's Antigua White Golden State Warriors Victory Quarter-Zip Mock Sweatshirt-----$66.49<br>
Men's Antigua Heather Gray Golden State Warriors Cloud Pullover Hoodie-----$81.19<br>
Men's Levelwear Royal Golden State Warriors Spector Insignia Core Quarter-Zip Pullover Top-----$68.59<br>
Men's Antigua Charcoal Golden State Warriors Metallic Logo Tribute Quarter-Zip Top-----$55.99<br>
Men's Antigua Black Golden State Warriors Big & Tall Victory Raglan Pullover Hoodie-----$67.19<br>
Men's Antigua Black Golden State Warriors Pivot Full-Zip Jacket-----$75.59<br>
Men's Antigua Black Golden State Warriors Big & Tall Victory Crew Neck Pullover Sweatshirt-----$72.79<br>
Men's Antigua Heather Gray Golden State Warriors Big & Tall Victory Crew Neck Pullover Sweatshirt-----$72.79<br>
Men's Antigua Heather Gray Golden State Warriors Big & Tall Victory Raglan Pullover Hoodie-----$67.19<br>
Men's Antigua Heather Gray Golden State Warriors Big & Tall Victory Raglan Pullover Hoodie-----$75.59<br>
Men's Antigua Charcoal Golden State Warriors Big & Tall Victory Raglan Pullover Hoodie-----$75.59<br>
Women's Antigua Pewter Golden State Warriors Tunnel Polo-----$53.89<br>
Women's Antigua Black Golden State Warriors Tunnel Polo-----$53.89<br>
Women's Antigua White Golden State Warriors Tunnel Polo-----$53.89<br>
Women's Antigua Royal Golden State Warriors Tunnel Polo-----$53.89<br>
Men's Pro Standard Royal Golden State Warriors Retro Classic Pullover Hoodie-----No Price<br>
Men's Antigua Black Golden State Warriors Pure Honeycomb Pullover Hoodie-----$76.99<br>
Men's Antigua Black Golden State Warriors Big & Tall Victory Crew Neck Pullover Sweatshirt-----$63.69<br>
Men's Antigua Royal Golden State Warriors Big & Tall Victory Crew Neck Pullover Sweatshirt-----$63.69<br>
Men's Antigua Heather Gray Golden State Warriors Big & Tall Victory Crew Neck Pullover Sweatshirt-----$63.69<br>
Women's Antigua Heather Black Golden State Warriors Layout V-Neck Polo-----$51.79<br>
Women's Antigua Heather Gray Golden State Warriors Matter Polo-----$51.79<br>
Women's Antigua Heather Royal Golden State Warriors Matter Polo-----$51.79<br>
Women's Antigua Gray Golden State Warriors Era Polo-----$51.79<br>
Women's Antigua Heather Gray Golden State Warriors Layout V-Neck Polo-----$51.79<br>
Women's Antigua White Golden State Warriors Era Polo-----$51.79<br>
Women's Antigua Heather Black Golden State Warriors Matter Polo-----$51.79<br>
Men's Pro Standard Royal Golden State Warriors Classic Warm-Up Full-Snap Jacket-----$79.79<br>
Men's Antigua Heather Gray Golden State Warriors Big & Tall Victory Full-Zip Hoodie Jacket-----$79.79<br>
Men's Antigua White Golden State Warriors Big & Tall Victory Full-Zip Hoodie Jacket-----$59.49<br>
Men's Nike Black Golden State Warriors 2023/24 City Edition Authentic Coaches Half-Zip Top-----$132.99<br>
Men's JH Design Royal Golden State Warriors Poly-Twill Full-Zip Jacket-----$55.99<br>
Men's Antigua Charcoal Golden State Warriors Shamrock Tribute Quarter-Zip Pullover Top-----$104.99<br>
Men's Starter Royal Golden State Warriors Home Game Satin Full-Snap Varsity Jacket-----$69.29<br>
Men's Antigua Black Golden State Warriors Exposure Woven Long Sleeve Button-Up Shirt-----$94.49<br>
Men's Mitchell & Ness White Golden State Warriors Hardwood Classics Arched Retro Lined Full-Zip Windbreaker Jacket-----$85.39<br>
Men's Antigua Gray Golden State Warriors Objection Double-Peached Full-Zip Jacket-----$104.99<br>
Men's Nike Black Golden State Warriors 2023/24 City Edition Courtside Starting Five Full-Zip Jacket & Pants Set-----$75.59<br>
Men's Levelwear Royal Golden State Warriors Theory Insignia Core Quarter-Zip Pullover Top-----$73.49<br>
Men's Columbia Royal Golden State Warriors Team Shotgun Quarter-Zip Pullover Jacket-----$75.59<br>
Men's Pro Standard Royal Golden State Warriors Old English Fleece Pullover Hoodie-----$73.49<br>
Men's Antigua Gray Golden State Warriors Pivot Full-Zip Jacket-----$89.59<br>
Men's Antigua Royal Golden State Warriors Links Full-Zip Golf Jacket-----$66.49<br>
Men's Levelwear Royal Golden State Warriors Form Insignia Core Full-Zip Jacket-----$76.99<br>
Men's Antigua Heather Royal Golden State Warriors Hunk Quarter-Zip Pullover Top-----$80.49<br>
Men's Mitchell & Ness Royal Golden State Warriors Throw It Back Full-Zip Windbreaker Jacket-----$104.99<br>
Men's Antigua Heather Gray Golden State Warriors Metallic Logo Fortune Quarter-Zip Jacket-----$66.49<br>
Men's Pro Standard Black Golden State Warriors Mash Up Fleece Pullover Hoodie-----$104.99<br>
Men's JH Design Royal Golden State Warriors Full-Zip Bomber Jacket-----$72.09<br>
Men's Antigua Royal Golden State Warriors Big & Tall Generation Quarter-Zip Pullover Jacket-----$66.49<br>
Men's Mitchell & Ness Royal Golden State Warriors Big & Tall Hardwood Classics Team OG 2.0 Anorak Hoodie Quarter-Zip Windbreaker Jacket-----$52.49<br>
Men's Antigua Gray Golden State Warriors Demand Full-Zip Vest-----$97.99<br>
Men's Antigua Gray Golden State Warriors Twine Quarter-Zip Top-----$66.49<br>
Men's Fanatics Royal/Heather Gray Golden State Warriors Big & Tall Pieced Stripe Raglan Full-Zip Track Jacket-----$47.59<br>
Men's Starter White/Royal Golden State Warriors Renegade Satin Full-Snap Varsity Jacket-----$139.99<br>
Men's Antigua White Golden State Warriors Metallic Logo Generation Quarter-Zip Top-----$59.49<br>
Women's Antigua Heather Royal Golden State Warriors Layout Sleeveless V-Neck Polo-----$66.49<br>
Men's Starter x Ty Mopkins Black Golden State Warriors Black History Month Satin Full-Zip Jacket-----$55.99<br>
Men's Antigua White Golden State Warriors Metallic Logo Victory Raglan Full-Zip Hoodie-----$50.39<br>
Men's Antigua Heather Black Golden State Warriors Hunk Quarter-Zip Pullover Top-----$50.39<br>
Men's Antigua Royal Golden State Warriors Tribute Quarter-Zip Pullover Top-----$50.39<br>
Women's Antigua Heather Gray Golden State Warriors Recap Sleeveless Polo-----$55.99<br>
Women's Antigua Heather Black Golden State Warriors Recap Sleeveless Polo-----$66.49<br>
Women's Antigua Heather Royal Golden State Warriors Recap Sleeveless Polo-----$66.49<br>
Men's Antigua White Golden State Warriors Shamrock Tribute Quarter-Zip Pullover Top-----$82.59<br>
Men's Antigua Black Golden State Warriors Metallic Logo Links Full-Zip Golf Vest-----$48.99<br>
Men's Antigua Black Golden State Warriors Metallic Logo Generation Quarter-Zip Top-----$83.99<br>
Men's Levelwear Gray Golden State Warriors Finley Insignia Core Quarter-Zip Pullover Top-----$79.09<br>
Men's Tommy Jeans Royal Golden State Warriors Bernard Half-Zip Hoodie-----$59.49<br>
Men's JH Design Gray/Charcoal Golden State Warriors Lightweight Nylon Full-Zip Bomber Jacket-----$83.99<br>
Men's Antigua Heather Gray Golden State Warriors Metallic Logo Big & Tall Fortune Quarter-Zip Jacket-----$65.09<br>
Men's Antigua Royal Golden State Warriors Metallic Logo Victory Raglan Pullover Hoodie-----$68.59<br>
Men's Mitchell & Ness Navy Golden State Warriors Hardwood Classics Satin Full-Snap Raglan Jacket-----$65.79<br>
Men's Antigua Heather Black Golden State Warriors Hunk Quarter-Zip Top-----$104.99<br>
Men's Antigua Black Golden State Warriors Streamer Button-Up Shacket-----$79.09<br>
Men's Antigua Gold Golden State Warriors Intent Quarter-Zip Top-----$60.19<br>
Men's JH Design Royal Golden State Warriors Classic Reversible Full-Zip Jacket-----$174.99<br>
Men's Antigua Heather Black Golden State Warriors Metallic Logo Big & Tall Fortune Quarter-Zip Jacket-----$66.49<br>
Men's Antigua Royal Golden State Warriors Flier Bunker Pullover Sweatshirt-----$80.49<br>
Men's Golden State Warriors Royal Mitchell & Ness Hardwood Classics 75th Anniversary Authentic Warmup Full-Snap Jacket-----$69.99<br>
Men's Antigua Heather Gray Golden State Warriors Victory Full-Zip Jacket-----$55.99<br>
Men's Antigua Heather Gray Golden State Warriors Metallic Logo Fortune Quarter-Zip Jacket-----$73.49<br>
Men's Columbia Royal Golden State Warriors Camo Flash Forward Full-Zip Windbreaker Jacket-----No Price<br>
Men's Antigua White Golden State Warriors Metallic Logo Tribute Quarter-Zip Top-----No Price<br>
Men's Antigua Charcoal Golden State Warriors Links Full-Zip Golf Jacket-----No Price<br>
Men's Pro Standard Royal Golden State Warriors Retro Classic Satin Full-Snap Jacket-----No Price<br>
Men's Pro Standard Black Golden State Warriors Classic Pullover Sweater-----No Price<br>
Men's Pro Standard Black Golden State Warriors Mash Up Fleece Pullover Sweatshirt-----No Price<br>
Men's Mitchell & Ness Royal Golden State Warriors Team Origins Anorak Quarter-Zip Pullover Hoodie-----$80.49<br>
Women's Antigua Heather Black Golden State Warriors Layout Sleeveless V-Neck Polo-----$47.59<br>
Men's Mitchell & Ness Royal Golden State Warriors Hardwood Classics Team OG 2.0 Anorak Hoodie Half-Zip Windbreaker Jacket-----$94.49<br>
Women's Antigua Olive Golden State Warriors Reprocess Polo-----$48.29<br>
Women's Antigua White Golden State Warriors Reprocess Polo-----$48.29<br>
Women's Antigua Royal Golden State Warriors Reprocess Polo-----$48.29<br>
Women's Antigua Gray Golden State Warriors Reprocess Polo-----$48.29<br>
Women's Antigua Black Golden State Warriors Reprocess Polo-----$48.29<br>
Men's Antigua Charcoal Golden State Warriors Generation Quarter-Zip Pullover Jacket-----$66.49<br>
Men's Antigua Kelly Green Golden State Warriors Shamrock Tribute Quarter-Zip Pullover Top-----$55.99<br>
Men's Antigua White Golden State Warriors Metallic Logo Victory Raglan Pullover Hoodie-----$59.49<br>
Men's Levelwear Black Golden State Warriors Beam Insignia Core Quarter-Zip Pullover Top-----$87.49<br>
Men's Antigua Black Golden State Warriors Steamer Button-Up Shacket-----$67.89<br>
Men's Levelwear Royal Golden State Warriors Charter Insignia Core Quarter-Zip Pullover Top-----$68.59<br>
Men's Levelwear Royal/Charcoal Golden State Warriors Commuter Insignia Core Quarter-Zip Pullover Top-----$66.49<br>
Unisex Bleacher Report x Mitchell & Ness Black Golden State Warriors Backstage Crew Hoodie Full-Zip Jacket-----$104.99<br>
Men's Columbia Blue Golden State Warriors Terminal Tackle Long Sleeve Hoodie T-Shirt-----$55.99<br>
Men's Antigua Heather Gray Golden State Warriors Hunk Quarter-Zip Top-----$65.09<br>
Men's Antigua Royal Golden State Warriors Big & Tall Metallic Logo Generation Quarter-Zip Top-----$65.09<br>
Men's Antigua Gray Golden State Warriors Steamer Quarter-Snap Pullover Top-----$68.59<br>
Men's Antigua Heather Gray Golden State Warriors Hunk Quarter-Zip Pullover Top-----$66.49<br>
Men's Antigua Heather Black Golden State Warriors Tidy Quarter-Zip Lightweight Pullover Top-----$62.99<br>
Men's Antigua Heather Gray/Black Golden State Warriors Bullseye Quarter-Zip Pullover Top-----$59.49<br>
Men's Antigua Heather Gray/Black Golden State Warriors Victory Colorblock Quarter-Zip Pullover Top-----$59.49<br>
Men's Antigua Heather Gray/Royal Golden State Warriors Bullseye Quarter-Zip Pullover Top-----$59.49<br>
Men's Antigua Royal Golden State Warriors Metallic Logo Generation Quarter-Zip Top-----$66.49<br>
Men's Antigua Black Golden State Warriors Steamer Quarter-Snap Pullover Top-----$68.59<br>
Men's Antigua Gray Golden State Warriors Steamer Quarter-Snap Pullover Top-----$66.49<br>
Men's Antigua White/Royal Golden State Warriors Bender Quarter-Zip Pullover Top-----$62.99<br>
Men's Antigua White/Black Golden State Warriors Bender Quarter-Zip Pullover Top-----$62.99<br>
Men's Antigua Heather Black Golden State Warriors Metallic Logo Fortune Quarter-Zip Jacket-----$80.49<br>
Men's Levelwear Royal Golden State Warriors Asher Insignia Core Quarter-Zip Pullover Top-----$76.99<br>
Men's Antigua Gray/Gray Golden State Warriors Pace Quarter-Zip Pullover Jacket-----$59.49<br>
Men's Antigua White Golden State Warriors Generation Quarter-Zip Pullover Jacket-----$66.49<br>
Men's Levelwear Royal Golden State Warriors Gear Insignia Core Quarter-Zip Pullover Top-----$108.49<br>
Men's Antigua Black Golden State Warriors Steamer Quarter-Snap Pullover Top-----$66.49<br>
Men's Levelwear Royal Golden State Warriors Dimension Insignia Core Pullover Hoodie-----$68.59<br>
Men's Levelwear Royal Golden State Warriors Truth Insignia Core Quarter-Zip Pullover Top-----$73.49<br>
Men's Antigua Royal Golden State Warriors Flier Bunker Pullover Sweatshirt-----$65.09<br>
Men's Columbia Royal Golden State Warriors Steens Full-Zip Jacket-----$44.99<br>
Men's Levelwear Black Golden State Warriors Durham Insignia Core Full-Zip Hoodie-----$111.99<br>
Men's Antigua Steel Golden State Warriors Metallic Logo Links Full-Zip Golf Vest-----$66.49<br>
Men's Levelwear Royal Golden State Warriors Galaxy Insignia Core Quarter-Zip Pullover Top-----$87.49<br>
Men's Fanatics Royal Golden State Warriors Big & Tall Anorak Half-Zip Hoodie-----$48.99<br>
Men's JH Design Royal Golden State Warriors Lightweight Nylon Full-Zip Bomber Jacket-----$83.99<br>
Men's JH Design Black Golden State Warriors 2022/23 City Edition Full-Zip Nylon Bomber Jacket-----$104.99<br>
Golden State Warriors JH Design Reversible Poly-Twill Hooded Jacket with Fleece Sleeves - Royal/Gray-----$97.99<br>
Men's Jeff Hamilton Black Golden State Warriors Leather Full-Snap Jacket-----$1,224.99<br>
Men's Nike Royal Golden State Warriors Courtside Versus Capsule Full-Zip Jacket-----$97.49<br>
Men's Levelwear White Golden State Warriors Dimension Insignia Pullover Hoodie-----$72.09<br>
Men's Starter Royal Golden State Warriors Force Play Satin Hoodie Half-Zip Jacket-----$115.49<br>
Men's Antigua Black Golden State Warriors Victory Full-Zip Jacket-----$66.49<br>
Men's Antigua Tan Golden State Warriors NBA 75th Anniversary Fortune Quarter-Zip Pullover Jacket-----$83.99<br>
Men's Antigua Heather Gray Golden State Warriors Action Full-Zip Jacket-----$54.59<br>
Men's Antigua Charcoal Golden State Warriors Big & Tall Generation Quarter-Zip Pullover Jacket-----$65.09<br>
Men's Antigua Gold Golden State Warriors NBA 75th Anniversary Glacier Quarter-Zip Pullover Jacket-----$55.99<br>
Men's Antigua Heather Black Golden State Warriors Saga Long Sleeve Hoodie T-Shirt-----$66.49<br>
Men's Antigua Gray Golden State Warriors Flier Bunker Pullover Sweatshirt-----$60.19<br>
Men's Starter Royal Golden State Warriors Force Play Satin Full-Snap Varsity Jacket-----$90.99<br>
Men's Antigua Gray/Gray Golden State Warriors Big & Tall Pace Quarter-Zip Pullover Jacket-----$62.99<br>
Men's Mitchell & Ness Black/White Golden State Warriors Team Origins Satin Full-Snap Varsity Jacket-----$139.99<br>
Men's JH Design Gray Golden State Warriors Reversible Full-Zip Track Jacket-----$59.49<br>
Unisex The Wild Collective Royal Golden State Warriors Metallic Full-Snap Bomber Jacket-----$111.99<br>
Men's Antigua White/Gray Golden State Warriors Bender Quarter-Zip Pullover Top-----$62.99<br>
Men's Antigua Black Golden State Warriors Flier Bunker Pullover Sweatshirt-----$60.19<br>
Men's Levelwear Charcoal Golden State Warriors Highlite Insignia Core Pullover Hoodie-----$73.49<br>
Men's Starter Black Golden State Warriors In-Field Play Fashion Satin Full-Zip Varsity Jacket-----$83.99<br>
Men's Columbia Heather Gray Golden State Warriors Omni-Wick Rockin' It Quarter-Zip Pullover Top-----$73.49<br>
Men's Antigua Black Golden State Warriors Flier Bunker Pullover Sweatshirt-----$65.09<br>
Men's FISLL Black NBA All Logo Aviator Flight Bomber Jacket-----$104.99<br>
Men's FISLL Blue/Gray NBA All Teams Full-Button Hoodie Denim Jacket-----$104.99<br>
Men's NBA x Staple Black All Teams Fusion Full-Snap Jacket-----$149.99<br>
Men's NBA x Staple Black All Teams Fusion Full-Snap Jacket-----$59.99<br>
Men's NBA x Staple Black All Teams Pennant Woven Full-Snap Jacket-----$143.99<br>
Unisex Black AUTHMADE Asian-American Pacific Islander Heritage Collection Heirloom Track Jacket-----$174.99<br>
]]></system-out>
  </testcase>
  <testcase name="newsPageTitleTest" classname="com.core.product.tests.NewsPageTest" time="0.067">
    <system-err><![CDATA[Nov 25, 2024 5:50:33 AM org.openqa.selenium.devtools.CdpVersionFinder findNearestMatch
WARNING: Unable to find an exact match for CDP version 131, returning the closest version; found: 129; Please update to a Selenium version that supports CDP version 131
]]></system-err>
  </testcase>
  <testcase name="getAllVideosTest" classname="com.core.product.tests.NewsPageTest" time="5.531">
    <system-out><![CDATA[Total Number of videos 20
Number of videos posted 3 days back 0
]]></system-out>
  </testcase>
</testsuite>