<?xml version="1.0" encoding="UTF-8"?>
<!-- Generated by org.testng.reporters.JUnitXMLReporter -->
<testsuite ignored="0" hostname="DESKTOP-92O7TTM" failures="0" tests="5" name="Core Product Tests" time="240.537" errors="0" timestamp="2024-11-25T05:50:55 IST">
  <testcase classname="com.core.product.tests.HomePageTest" name="homePageTitleTest" time="0.05"/>
  <testcase classname="com.core.product.tests.MenWearTest" name="menWearPageTitleTest" time="4.162"/>
  <testcase classname="com.core.product.tests.MenWearTest" name="getAllJacketsTest" time="178.676"/>
  <testcase classname="com.core.product.tests.NewsPageTest" name="newsPageTitleTest" time="0.067"/>
  <testcase classname="com.core.product.tests.NewsPageTest" name="getAllVideosTest" time="5.533"/>
</testsuite> <!-- Core Product Tests -->
