<?xml version="1.0" encoding="UTF-8"?>
<!-- Generated by org.testng.reporters.JUnitXMLReporter -->
<testsuite ignored="0" hostname="DESKTOP-92O7TTM" failures="0" tests="2" name="Derived Product2 Tests" time="20.677" errors="0" timestamp="2024-11-25T05:51:51 IST">
  <testcase classname="com.derived.product2.tests.FooterTest" name="homePageTitleTest" time="0.042"/>
  <testcase classname="com.derived.product2.tests.FooterTest" name="duplicateFooterValidation" time="1.587"/>
</testsuite> <!-- Derived Product2 Tests -->
