<?xml version="1.0" encoding="UTF-8"?>
<testng-results ignored="0" total="2" passed="2" failed="0" skipped="0">
  <reporter-output>
  </reporter-output>
  <suite started-at="2024-11-25T05:51:30 IST" name="Derived Product2 Test Suite" finished-at="2024-11-25T05:51:51 IST" duration-ms="20677">
    <groups>
    </groups>
    <test started-at="2024-11-25T05:51:30 IST" name="Derived Product2 Tests" finished-at="2024-11-25T05:51:51 IST" duration-ms="20677">
      <class name="com.derived.product2.tests.FooterTest">
        <test-method is-config="true" signature="setUp(java.lang.String,java.lang.String)[pri:0, instance:com.derived.product2.tests.FooterTest@3e2e18f2]" started-at="2024-11-25T05:51:30 IST" name="setUp" finished-at="2024-11-25T05:51:49 IST" duration-ms="18920" status="PASS">
          <params>
            <param index="0">
              <value>
                <![CDATA[chrome]]>
              </value>
            </param>
            <param index="1">
              <value>
                <![CDATA[https://www.nba.com/bulls/]]>
              </value>
            </param>
          </params>
          <reporter-output>
          </reporter-output>
        </test-method> <!-- setUp -->
        <test-method is-config="true" signature="setUp()[pri:0, instance:com.derived.product2.tests.FooterTest@3e2e18f2]" started-at="2024-11-25T05:51:49 IST" name="setUp" finished-at="2024-11-25T05:51:49 IST" duration-ms="69" status="PASS">
          <reporter-output>
          </reporter-output>
        </test-method> <!-- setUp -->
        <test-method signature="homePageTitleTest()[pri:1, instance:com.derived.product2.tests.FooterTest@3e2e18f2]" started-at="2024-11-25T05:51:49 IST" name="homePageTitleTest" finished-at="2024-11-25T05:51:49 IST" duration-ms="42" status="PASS">
          <reporter-output>
          </reporter-output>
        </test-method> <!-- homePageTitleTest -->
        <test-method signature="duplicateFooterValidation()[pri:2, instance:com.derived.product2.tests.FooterTest@3e2e18f2]" started-at="2024-11-25T05:51:49 IST" name="duplicateFooterValidation" finished-at="2024-11-25T05:51:51 IST" duration-ms="1587" status="PASS">
          <reporter-output>
          </reporter-output>
        </test-method> <!-- duplicateFooterValidation -->
        <test-method is-config="true" signature="tearDown()[pri:0, instance:com.derived.product2.tests.FooterTest@3e2e18f2]" started-at="2024-11-25T05:51:51 IST" name="tearDown" finished-at="2024-11-25T05:51:51 IST" duration-ms="0" status="PASS">
          <reporter-output>
          </reporter-output>
        </test-method> <!-- tearDown -->
      </class> <!-- com.derived.product2.tests.FooterTest -->
    </test> <!-- Derived Product2 Tests -->
  </suite> <!-- Derived Product2 Test Suite -->
</testng-results>
